#
# There is insufficient memory for the Java Runtime Environment to continue.
# Native memory allocation (mmap) failed to map 264241152 bytes. Error detail: G1 virtual space
# Possible reasons:
#   The system is out of physical RAM or swap space
#   This process is running with CompressedOops enabled, and the Java Heap may be blocking the growth of the native heap
# Possible solutions:
#   Reduce memory load on the system
#   Increase physical memory or swap space
#   Check if swap backing store is full
#   Decrease Java heap size (-Xmx/-Xms)
#   Decrease number of Java threads
#   Decrease Java thread stack sizes (-Xss)
#   Set larger code cache with -XX:ReservedCodeCacheSize=
#   JVM is running with Zero Based Compressed Oops mode in which the Java heap is
#     placed in the first 32GB address space. The Java Heap base address is the
#     maximum limit for the native heap growth. Please use -XX:HeapBaseMinAddress
#     to set the Java Heap base and to place the Java Heap above 32GB virtual address.
# This output file may be truncated or incomplete.
#
#  Out of Memory Error (os_windows.cpp:3825), pid=18144, tid=17340
#
# JRE version:  (17.0.11) (build )
# Java VM: OpenJDK 64-Bit Server VM (17.0.11+0--11852314, mixed mode, sharing, tiered, compressed oops, compressed class ptrs, g1 gc, windows-amd64)
# No core dump will be written. Minidumps are not enabled by default on client versions of Windows
#

---------------  S U M M A R Y ------------

Command Line: org.jetbrains.kotlin.cli.jvm.K2JVMCompiler @D:\YEAR2\SEG2505\TUTORIEL\basic-android-kotlin-compose-training-dessert-clicker-starter\app\build\20241112_3387628184701786284.compiler.options

Host: 12th Gen Intel(R) Core(TM) i7-1255U, 12 cores, 15G,  Windows 11 , 64 bit Build 22621 (10.0.22621.4391)
Time: Tue Nov 12 05:31:51 2024 Est elapsed time: 0.007937 seconds (0d 0h 0m 0s)

---------------  T H R E A D  ---------------

Current thread (0x00000237b5d29670):  JavaThread "Unknown thread" [_thread_in_vm, id=17340, stack(0x00000099c6800000,0x00000099c6900000)]

Stack: [0x00000099c6800000,0x00000099c6900000]
Native frames: (J=compiled Java code, j=interpreted, Vv=VM code, C=native code)
V  [jvm.dll+0x687bb9]
V  [jvm.dll+0x84142a]
V  [jvm.dll+0x8430ae]
V  [jvm.dll+0x843713]
V  [jvm.dll+0x24a35f]
V  [jvm.dll+0x684989]
V  [jvm.dll+0x67923a]
V  [jvm.dll+0x30af0b]
V  [jvm.dll+0x3123b6]
V  [jvm.dll+0x361dfe]
V  [jvm.dll+0x36202f]
V  [jvm.dll+0x2e0d38]
V  [jvm.dll+0x2e1ca4]
V  [jvm.dll+0x811f21]
V  [jvm.dll+0x36fb68]
V  [jvm.dll+0x7f0896]
V  [jvm.dll+0x3f3d2f]
V  [jvm.dll+0x3f58e1]
C  [jli.dll+0x528f]
C  [ucrtbase.dll+0x29333]
C  [KERNEL32.DLL+0x1259d]
C  [ntdll.dll+0x5af38]


---------------  P R O C E S S  ---------------

Threads class SMR info:
_java_thread_list=0x00007ffbb5adefd8, length=0, elements={
}

Java Threads: ( => current thread )

Other Threads:
  0x00000237b5d97e00 GCTaskThread "GC Thread#0" [stack: 0x00000099c6900000,0x00000099c6a00000] [id=8064]
  0x00000237b5da8860 ConcurrentGCThread "G1 Main Marker" [stack: 0x00000099c6a00000,0x00000099c6b00000] [id=22244]
  0x00000237b5da9280 ConcurrentGCThread "G1 Conc#0" [stack: 0x00000099c6b00000,0x00000099c6c00000] [id=4624]

[error occurred during error reporting (printing all threads), id 0xc0000005, EXCEPTION_ACCESS_VIOLATION (0xc0000005) at pc=0x00007ffbb5291907]

VM state: not at safepoint (not fully initialized)

VM Mutex/Monitor currently owned by a thread:  ([mutex/lock_event])
[0x00000237b5d26d80] Heap_lock - owner thread: 0x00000237b5d29670

Heap address: 0x0000000704e00000, size: 4018 MB, Compressed Oops mode: Zero based, Oop shift amount: 3

CDS archive(s) mapped at: [0x0000000000000000-0x0000000000000000-0x0000000000000000), size 0, SharedBaseAddress: 0x0000000800000000, ArchiveRelocationMode: 1.
Narrow klass base: 0x0000000000000000, Narrow klass shift: 0, Narrow klass range: 0x0

GC Precious Log:
<Empty>

Heap:
 garbage-first heap   total 0K, used 0K [0x0000000704e00000, 0x0000000800000000)
  region size 2048K, 0 young (0K), 0 survivors (0K)
 Metaspace       used 0K, committed 0K, reserved 0K
  class space    used 0K, committed 0K, reserved 0K

Heap Regions: E=young(eden), S=young(survivor), O=old, HS=humongous(starts), HC=humongous(continues), CS=collection set, F=free, OA=open archive, CA=closed archive, TAMS=top-at-mark-start (previous, next)

Card table byte_map: [0x00000237cae50000,0x00000237cb630000] _byte_map_base: 0x00000237c7629000

Marking Bits (Prev, Next): (CMBitMap*) 0x00000237b5d98420, (CMBitMap*) 0x00000237b5d98460
 Prev Bits: [0x00000237cbe10000, 0x00000237cfcd8000)
 Next Bits: [0x00000237cfce0000, 0x00000237d3ba8000)

GC Heap History (0 events):
No events

Dll operation events (1 events):
Event: 0.005 Loaded shared library C:\Program Files\Android\Android Studio\jbr\bin\java.dll

Deoptimization events (0 events):
No events

Classes unloaded (0 events):
No events

Classes redefined (0 events):
No events

Internal exceptions (0 events):
No events

VM Operations (0 events):
No events

Events (0 events):
No events


Dynamic libraries:
0x00007ff76b820000 - 0x00007ff76b82a000 	C:\Program Files\Android\Android Studio\jbr\bin\java.exe
0x00007ffc3eb30000 - 0x00007ffc3ed47000 	C:\Windows\SYSTEM32\ntdll.dll
0x00007ffc3e350000 - 0x00007ffc3e414000 	C:\Windows\System32\KERNEL32.DLL
0x00007ffc3c460000 - 0x00007ffc3c819000 	C:\Windows\System32\KERNELBASE.dll
0x00007ffc3c310000 - 0x00007ffc3c421000 	C:\Windows\System32\ucrtbase.dll
0x00007ffc22430000 - 0x00007ffc22447000 	C:\Program Files\Android\Android Studio\jbr\bin\jli.dll
0x00007ffc21b10000 - 0x00007ffc21b2b000 	C:\Program Files\Android\Android Studio\jbr\bin\VCRUNTIME140.dll
0x00007ffc3da00000 - 0x00007ffc3dbae000 	C:\Windows\System32\USER32.dll
0x00007ffc3c430000 - 0x00007ffc3c456000 	C:\Windows\System32\win32u.dll
0x00007ffc3ca90000 - 0x00007ffc3cab9000 	C:\Windows\System32\GDI32.dll
0x00007ffc3be30000 - 0x00007ffc3bf4b000 	C:\Windows\System32\gdi32full.dll
0x00007ffc11a50000 - 0x00007ffc11ce2000 	C:\Windows\WinSxS\amd64_microsoft.windows.common-controls_6595b64144ccf1df_6.0.22621.4391_none_2715d37f73803e96\COMCTL32.dll
0x00007ffc3bfd0000 - 0x00007ffc3c06a000 	C:\Windows\System32\msvcp_win.dll
0x00007ffc3e810000 - 0x00007ffc3e8b7000 	C:\Windows\System32\msvcrt.dll
0x00007ffc3ca50000 - 0x00007ffc3ca81000 	C:\Windows\System32\IMM32.DLL
0x00007ffc32500000 - 0x00007ffc3250c000 	C:\Program Files\Android\Android Studio\jbr\bin\vcruntime140_1.dll
0x00007ffbeb7e0000 - 0x00007ffbeb86d000 	C:\Program Files\Android\Android Studio\jbr\bin\msvcp140.dll
0x00007ffbb4fa0000 - 0x00007ffbb5c23000 	C:\Program Files\Android\Android Studio\jbr\bin\server\jvm.dll
0x00007ffc3d7d0000 - 0x00007ffc3d882000 	C:\Windows\System32\ADVAPI32.dll
0x00007ffc3e180000 - 0x00007ffc3e227000 	C:\Windows\System32\sechost.dll
0x00007ffc3c820000 - 0x00007ffc3c848000 	C:\Windows\System32\bcrypt.dll
0x00007ffc3e230000 - 0x00007ffc3e344000 	C:\Windows\System32\RPCRT4.dll
0x00007ffc3bd00000 - 0x00007ffc3bd4d000 	C:\Windows\SYSTEM32\POWRPROF.dll
0x00007ffc23260000 - 0x00007ffc23269000 	C:\Windows\SYSTEM32\WSOCK32.dll
0x00007ffc3e630000 - 0x00007ffc3e6a1000 	C:\Windows\System32\WS2_32.dll
0x00007ffc333a0000 - 0x00007ffc333d4000 	C:\Windows\SYSTEM32\WINMM.dll
0x00007ffc3a9f0000 - 0x00007ffc3a9fa000 	C:\Windows\SYSTEM32\VERSION.dll
0x00007ffc3bb30000 - 0x00007ffc3bb43000 	C:\Windows\SYSTEM32\UMPDC.dll
0x00007ffc3ae30000 - 0x00007ffc3ae48000 	C:\Windows\SYSTEM32\kernel.appcore.dll
0x00007ffc325e0000 - 0x00007ffc325ea000 	C:\Program Files\Android\Android Studio\jbr\bin\jimage.dll
0x00007ffc390d0000 - 0x00007ffc39302000 	C:\Windows\SYSTEM32\DBGHELP.DLL
0x00007ffc3dbb0000 - 0x00007ffc3df3f000 	C:\Windows\System32\combase.dll
0x00007ffc3e730000 - 0x00007ffc3e807000 	C:\Windows\System32\OLEAUT32.dll
0x00007ffc0fbf0000 - 0x00007ffc0fc22000 	C:\Windows\SYSTEM32\dbgcore.DLL
0x00007ffc3bf50000 - 0x00007ffc3bfcb000 	C:\Windows\System32\bcryptPrimitives.dll
0x00007ffc22f00000 - 0x00007ffc22f25000 	C:\Program Files\Android\Android Studio\jbr\bin\java.dll

dbghelp: loaded successfully - version: 4.0.5 - missing functions: none
symbol engine: initialized successfully - sym options: 0x614 - pdb path: .;C:\Program Files\Android\Android Studio\jbr\bin;C:\Windows\SYSTEM32;C:\Windows\WinSxS\amd64_microsoft.windows.common-controls_6595b64144ccf1df_6.0.22621.4391_none_2715d37f73803e96;C:\Program Files\Android\Android Studio\jbr\bin\server

VM Arguments:
java_command: org.jetbrains.kotlin.cli.jvm.K2JVMCompiler @D:\YEAR2\SEG2505\TUTORIEL\basic-android-kotlin-compose-training-dessert-clicker-starter\app\build\20241112_3387628184701786284.compiler.options
java_class_path (initial): C:\Users\vekos\.gradle\caches\modules-2\files-2.1\org.jetbrains.kotlin\kotlin-compiler-embeddable\1.9.22\9cd4dc7773cf2a99ecd961a88fbbc9a2da3fb5e1\kotlin-compiler-embeddable-1.9.22.jar;C:\Users\vekos\.gradle\caches\modules-2\files-2.1\org.jetbrains.kotlin\kotlin-stdlib\1.9.22\d6c44cd08d8f3f9bece8101216dbe6553365c6e3\kotlin-stdlib-1.9.22.jar;C:\Users\vekos\.gradle\caches\modules-2\files-2.1\org.jetbrains.kotlin\kotlin-script-runtime\1.9.22\f8139a46fc677ec9badc49ae954392f4f5e7e7c7\kotlin-script-runtime-1.9.22.jar;C:\Users\vekos\.gradle\caches\modules-2\files-2.1\org.jetbrains.kotlin\kotlin-reflect\1.6.10\1cbe9c92c12a94eea200d23c2bbaedaf3daf5132\kotlin-reflect-1.6.10.jar;C:\Users\vekos\.gradle\caches\modules-2\files-2.1\org.jetbrains.kotlin\kotlin-daemon-embeddable\1.9.22\20e2c5df715f3240c765cfc222530e2796542021\kotlin-daemon-embeddable-1.9.22.jar;C:\Users\vekos\.gradle\caches\modules-2\files-2.1\org.jetbrains.intellij.deps\trove4j\1.0.20200330\3afb14d5f9ceb459d724e907a21145e8ff394f02\trove4j-1.0.20200330.jar;C:\Users\vekos\.gradle\caches\modules-2\files-2.1\org.jetbrains\annotations\13.0\919f0dfe192fb4e063e7dacadee7f8bb9a2672a9\annotations-13.0.jar
Launcher Type: SUN_STANDARD

[Global flags]
     intx CICompilerCount                          = 4                                         {product} {ergonomic}
     uint ConcGCThreads                            = 3                                         {product} {ergonomic}
     uint G1ConcRefinementThreads                  = 10                                        {product} {ergonomic}
   size_t G1HeapRegionSize                         = 2097152                                   {product} {ergonomic}
    uintx GCDrainStackTargetSize                   = 64                                        {product} {ergonomic}
   size_t InitialHeapSize                          = 264241152                                 {product} {ergonomic}
   size_t MarkStackSize                            = 4194304                                   {product} {ergonomic}
   size_t MaxHeapSize                              = 4213178368                                {product} {ergonomic}
   size_t MinHeapDeltaBytes                        = 2097152                                   {product} {ergonomic}
   size_t MinHeapSize                              = 8388608                                   {product} {ergonomic}
    uintx NonNMethodCodeHeapSize                   = 5839372                                {pd product} {ergonomic}
    uintx NonProfiledCodeHeapSize                  = 122909434                              {pd product} {ergonomic}
    uintx ProfiledCodeHeapSize                     = 122909434                              {pd product} {ergonomic}
    uintx ReservedCodeCacheSize                    = 251658240                              {pd product} {ergonomic}
     bool SegmentedCodeCache                       = true                                      {product} {ergonomic}
   size_t SoftMaxHeapSize                          = 4213178368                             {manageable} {ergonomic}
     bool UseCompressedClassPointers               = true                           {product lp64_product} {ergonomic}
     bool UseCompressedOops                        = true                           {product lp64_product} {ergonomic}
     bool UseG1GC                                  = true                                      {product} {ergonomic}
     bool UseLargePagesIndividualAllocation        = false                                  {pd product} {ergonomic}

Logging:
Log output configuration:
 #0: stdout all=warning uptime,level,tags
 #1: stderr all=off uptime,level,tags

Environment Variables:
PATH=C:\Program Files\Common Files\Oracle\Java\javapath;C:\Program Files (x86)\Common Files\Oracle\Java\java8path;C:\Program Files (x86)\Common Files\Oracle\Java\javapath;C:\Windows\system32;C:\Windows;C:\Windows\System32\Wbem;C:\Windows\System32\WindowsPowerShell\v1.0\;C:\Windows\System32\OpenSSH\;C:\Program Files\dotnet\;C:\Program Files\Git\cmd;C:\Program Files\Git\mingw64\bin;C:\Program Files\Git\usr\bin;C:\Program Files\PowerShell\7\;C:\Users\vekos\AppData\Local\Microsoft\WindowsApps;;C:\Users\vekos\AppData\Local\Programs\Microsoft VS Code\bin
USERNAME=vekos
OS=Windows_NT
PROCESSOR_IDENTIFIER=Intel64 Family 6 Model 154 Stepping 4, GenuineIntel
TMP=C:\Users\vekos\AppData\Local\Temp
TEMP=C:\Users\vekos\AppData\Local\Temp



Periodic native trim disabled

JNI global refs:
JNI global refs: 0, weak refs: 0

JNI global refs memory usage: 0, weak refs: 0

Process memory usage:
Resident Set Size: 11820K (0% of 16454388K total physical memory with 174536K free physical memory)

OOME stack traces (most recent first):
Classloader memory used:


---------------  S Y S T E M  ---------------

OS:
 Windows 11 , 64 bit Build 22621 (10.0.22621.4391)
OS uptime: 10 days 16:46 hours
Hyper-V role detected

CPU: total 12 (initial active 12) (6 cores per cpu, 2 threads per core) family 6 model 154 stepping 4 microcode 0x435, cx8, cmov, fxsr, ht, mmx, 3dnowpref, sse, sse2, sse3, ssse3, sse4.1, sse4.2, popcnt, lzcnt, tsc, tscinvbit, avx, avx2, aes, erms, clmul, bmi1, bmi2, adx, sha, fma, vzeroupper, clflush, clflushopt, clwb, hv
Processor Information for processor 0
  Max Mhz: 1700, Current Mhz: 1700, Mhz Limit: 1700
Processor Information for processor 1
  Max Mhz: 1700, Current Mhz: 1700, Mhz Limit: 1700
Processor Information for processor 2
  Max Mhz: 1700, Current Mhz: 1700, Mhz Limit: 1700
Processor Information for processor 3
  Max Mhz: 1700, Current Mhz: 1700, Mhz Limit: 1700
Processor Information for processor 4
  Max Mhz: 1700, Current Mhz: 1200, Mhz Limit: 1190
Processor Information for processor 5
  Max Mhz: 1700, Current Mhz: 1200, Mhz Limit: 1190
Processor Information for processor 6
  Max Mhz: 1700, Current Mhz: 1200, Mhz Limit: 1190
Processor Information for processor 7
  Max Mhz: 1700, Current Mhz: 1200, Mhz Limit: 1190
Processor Information for processor 8
  Max Mhz: 1700, Current Mhz: 1200, Mhz Limit: 1190
Processor Information for processor 9
  Max Mhz: 1700, Current Mhz: 1200, Mhz Limit: 1190
Processor Information for processor 10
  Max Mhz: 1700, Current Mhz: 1200, Mhz Limit: 1190
Processor Information for processor 11
  Max Mhz: 1700, Current Mhz: 1200, Mhz Limit: 1190

Memory: 4k page, system-wide physical 16068M (170M free)
TotalPageFile size 21068M (AvailPageFile size 234M)
current process WorkingSet (physical memory assigned to process): 11M, peak: 11M
current process commit charge ("private bytes"): 64M, peak: 316M

vm_info: OpenJDK 64-Bit Server VM (17.0.11+0--11852314) for windows-amd64 JRE (17.0.11+0--11852314), built on May 16 2024 21:29:20 by "androidbuild" with MS VC++ 16.10 / 16.11 (VS2019)

END.
